INFO: [VRFC 10-2263] Analyzing Verilog file "C:/GITDEMO/FPGA_Projects/ADDER/ADDER.ip_user_files/bd/design_1/ip/design_1_clk_wiz_0_0/design_1_clk_wiz_0_0_clk_wiz.v" into library xil_defaultlib
INFO: [VRFC 10-311] analyzing module design_1_clk_wiz_0_0_clk_wiz
INFO: [VRFC 10-2263] Analyzing Verilog file "C:/GITDEMO/FPGA_Projects/ADDER/ADDER.ip_user_files/bd/design_1/ip/design_1_clk_wiz_0_0/design_1_clk_wiz_0_0.v" into library xil_defaultlib
INFO: [VRFC 10-311] analyzing module design_1_clk_wiz_0_0
INFO: [VRFC 10-2263] Analyzing Verilog file "C:/GITDEMO/FPGA_Projects/ADDER/ADDER.ip_user_files/bd/design_1/ip/design_1_ila_0_0/sim/design_1_ila_0_0.v" into library xil_defaultlib
INFO: [VRFC 10-311] analyzing module design_1_ila_0_0
INFO: [VRFC 10-2263] Analyzing Verilog file "C:/GITDEMO/FPGA_Projects/ADDER/ADDER.ip_user_files/bd/design_1/sim/design_1.v" into library xil_defaultlib
INFO: [VRFC 10-311] analyzing module design_1
INFO: [VRFC 10-2263] Analyzing Verilog file "C:/GITDEMO/FPGA_Projects/ADDER/ADDER.ip_user_files/bd/design_1/ip/design_1_half_adder_0_0/sim/design_1_half_adder_0_0.v" into library xil_defaultlib
INFO: [VRFC 10-311] analyzing module design_1_half_adder_0_0
INFO: [VRFC 10-2263] Analyzing Verilog file "C:/GITDEMO/FPGA_Projects/ADDER/ADDER.ip_user_files/bd/design_1/ip/design_1_full_adder_0_0/sim/design_1_full_adder_0_0.v" into library xil_defaultlib
INFO: [VRFC 10-311] analyzing module design_1_full_adder_0_0
INFO: [VRFC 10-2263] Analyzing Verilog file "C:/GITDEMO/FPGA_Projects/ADDER/ADDER.srcs/sources_1/bd/design_1/hdl/design_1_wrapper.v" into library xil_defaultlib
INFO: [VRFC 10-311] analyzing module design_1_wrapper
INFO: [VRFC 10-2263] Analyzing Verilog file "C:/GITDEMO/FPGA_Projects/ADDER/ADDER.sim/sim_1/behav/xsim/glbl.v" into library xil_defaultlib
INFO: [VRFC 10-311] analyzing module glbl
INFO: [VRFC 10-163] Analyzing VHDL file "C:/GITDEMO/FPGA_Projects/ADDER/ADDER.srcs/sources_1/new/half_adder.vhd" into library xil_defaultlib
INFO: [VRFC 10-307] analyzing entity half_adder
INFO: [VRFC 10-163] Analyzing VHDL file "C:/GITDEMO/FPGA_Projects/ADDER/ADDER.srcs/sources_1/new/full_adder.vhd" into library xil_defaultlib
INFO: [VRFC 10-307] analyzing entity full_adder
