Vivado Simulator 2018.1
Copyright 1986-1999, 2001-2017 Xilinx, Inc. All Rights Reserved.
Running: C:/Xilinx/Vivado/2018.1/bin/unwrapped/win64.o/xelab.exe -wto 8066edfd6025444e9a763a007254c3c6 --incr --debug typical --relax --mt 2 -L xil_defaultlib -L unisims_ver -L unimacro_ver -L secureip -L xpm --snapshot design_1_wrapper_behav xil_defaultlib.design_1_wrapper xil_defaultlib.glbl -log elaborate.log 
Using 2 slave threads.
Starting static elaboration
Completed static elaboration
Starting simulation data flow analysis
Completed simulation data flow analysis
Time Resolution for simulation is 1ps
Compiling package std.standard
Compiling package std.textio
Compiling package ieee.std_logic_1164
Compiling architecture behavioral of entity xil_defaultlib.and_gate [and_gate_default]
Compiling module xil_defaultlib.design_1_and_gate_0_0
Compiling module unisims_ver.IBUFDS
Compiling module unisims_ver.MMCME2_ADV(CLKIN1_PERIOD=5.0,CLK...
Compiling module unisims_ver.BUFG
Compiling module xil_defaultlib.design_1_clk_wiz_0_0_clk_wiz
Compiling module xil_defaultlib.design_1_clk_wiz_0_0
Compiling module xil_defaultlib.design_1_ila_0_0
Compiling architecture behavioral of entity xil_defaultlib.nand_gate [nand_gate_default]
Compiling module xil_defaultlib.design_1_nand_gate_0_0
Compiling architecture behavioral of entity xil_defaultlib.nor_gate [nor_gate_default]
Compiling module xil_defaultlib.design_1_nor_gate_0_0
Compiling architecture behavioral of entity xil_defaultlib.not_gate [not_gate_default]
Compiling module xil_defaultlib.design_1_not_gate_0_0
Compiling architecture behavioral of entity xil_defaultlib.or_gate [or_gate_default]
Compiling module xil_defaultlib.design_1_or_gate_0_0
Compiling architecture behavioral of entity xil_defaultlib.xor_gate [xor_gate_default]
Compiling module xil_defaultlib.design_1_xor_gate_0_0
Compiling module xil_defaultlib.design_1
Compiling module xil_defaultlib.design_1_wrapper
Compiling module xil_defaultlib.glbl
Built simulation snapshot design_1_wrapper_behav
